<?xml version="1.0" encoding="UTF-8"?>
<testng-results ignored="0" total="0" passed="0" failed="0" skipped="0">
  <reporter-output>
  </reporter-output>
  <suite started-at="2022-08-06T15:49:38 TRT" name="Command line suite" finished-at="2022-08-06T15:49:38 TRT" duration-ms="28">
    <groups>
    </groups>
    <test started-at="2022-08-06T15:49:38 TRT" name="Command line test" finished-at="2022-08-06T15:49:38 TRT" duration-ms="28">
    </test> <!-- Command line test -->
  </suite> <!-- Command line suite -->
</testng-results>
